# JRE version: OpenJDK Runtime Environment (8.0_131-b11) (build 1.8.0_131-8u131-b11-0ubuntu1.17.04.1-b11)
# Java VM: OpenJDK 64-Bit Server VM (25.131-b11 mixed mode linux-amd64 compressed oops)
Heap:
 PSYoungGen      total 449536K, used 130448K [0x00000000d6d80000, 0x0000000100000000, 0x0000000100000000)
  eden space 224768K, 0% used [0x00000000d6d80000,0x00000000d6d80000,0x00000000e4900000)
  from space 224768K, 58% used [0x00000000f2480000,0x00000000fa3e41c0,0x0000000100000000)
  to   space 224768K, 0% used [0x00000000e4900000,0x00000000e4900000,0x00000000f2480000)
 ParOldGen       total 627200K, used 627047K [0x0000000084800000, 0x00000000aac80000, 0x00000000d6d80000)
  object space 627200K, 99% used [0x0000000084800000,0x00000000aac59fc0,0x00000000aac80000)
 Metaspace       used 2681K, capacity 4552K, committed 4864K, reserved 1056768K
  class space    used 280K, capacity 388K, committed 512K, reserved 1048576K
GC Heap History (10 events):
Event: 25,484 GC heap after
Heap after GC invocations=10 (full 3):
 PSYoungGen      total 248832K, used 0K [0x00000000d6d80000, 0x00000000fa300000, 0x0000000100000000)
  eden space 164352K, 0% used [0x00000000d6d80000,0x00000000d6d80000,0x00000000e0e00000)
  from space 84480K, 0% used [0x00000000e0e00000,0x00000000e0e00000,0x00000000e6080000)
  to   space 167424K, 0% used [0x00000000eff80000,0x00000000eff80000,0x00000000fa300000)
 ParOldGen       total 360960K, used 166138K [0x0000000084800000, 0x000000009a880000, 0x00000000d6d80000)
  object space 360960K, 46% used [0x0000000084800000,0x000000008ea3eb20,0x000000009a880000)
 Metaspace       used 2681K, capacity 4552K, committed 4864K, reserved 1056768K
  class space    used 280K, capacity 388K, committed 512K, reserved 1048576K
}
Event: 25,877 GC heap before
{Heap before GC invocations=11 (full 3):
 PSYoungGen      total 248832K, used 164352K [0x00000000d6d80000, 0x00000000fa300000, 0x0000000100000000)
  eden space 164352K, 100% used [0x00000000d6d80000,0x00000000e0e00000,0x00000000e0e00000)
  from space 84480K, 0% used [0x00000000e0e00000,0x00000000e0e00000,0x00000000e6080000)
  to   space 167424K, 0% used [0x00000000eff80000,0x00000000eff80000,0x00000000fa300000)
 ParOldGen       total 360960K, used 166138K [0x0000000084800000, 0x000000009a880000, 0x00000000d6d80000)
  object space 360960K, 46% used [0x0000000084800000,0x000000008ea3eb20,0x000000009a880000)
 Metaspace       used 2681K, capacity 4552K, committed 4864K, reserved 1056768K
  class space    used 280K, capacity 388K, committed 512K, reserved 1048576K
Event: 27,422 GC heap after
Heap after GC invocations=11 (full 3):
 PSYoungGen      total 380928K, used 164544K [0x00000000d6d80000, 0x00000000fd600000, 0x0000000100000000)
  eden space 213504K, 0% used [0x00000000d6d80000,0x00000000d6d80000,0x00000000e3e00000)
  from space 167424K, 98% used [0x00000000eff80000,0x00000000fa030000,0x00000000fa300000)
  to   space 198144K, 0% used [0x00000000e3e00000,0x00000000e3e00000,0x00000000eff80000)
 ParOldGen       total 360960K, used 166138K [0x0000000084800000, 0x000000009a880000, 0x00000000d6d80000)
  object space 360960K, 46% used [0x0000000084800000,0x000000008ea3eb20,0x000000009a880000)
 Metaspace       used 2681K, capacity 4552K, committed 4864K, reserved 1056768K
  class space    used 280K, capacity 388K, committed 512K, reserved 1048576K
}
Event: 27,990 GC heap before
{Heap before GC invocations=12 (full 3):
 PSYoungGen      total 380928K, used 378048K [0x00000000d6d80000, 0x00000000fd600000, 0x0000000100000000)
  eden space 213504K, 100% used [0x00000000d6d80000,0x00000000e3e00000,0x00000000e3e00000)
  from space 167424K, 98% used [0x00000000eff80000,0x00000000fa030000,0x00000000fa300000)
  to   space 198144K, 0% used [0x00000000e3e00000,0x00000000e3e00000,0x00000000eff80000)
 ParOldGen       total 360960K, used 166138K [0x0000000084800000, 0x000000009a880000, 0x00000000d6d80000)
  object space 360960K, 46% used [0x0000000084800000,0x000000008ea3eb20,0x000000009a880000)
 Metaspace       used 2681K, capacity 4552K, committed 4864K, reserved 1056768K
  class space    used 280K, capacity 388K, committed 512K, reserved 1048576K
Event: 31,400 GC heap after
Heap after GC invocations=12 (full 3):
 PSYoungGen      total 411648K, used 198144K [0x00000000d6d80000, 0x0000000100000000, 0x0000000100000000)
  eden space 213504K, 0% used [0x00000000d6d80000,0x00000000d6d80000,0x00000000e3e00000)
  from space 198144K, 100% used [0x00000000e3e00000,0x00000000eff80000,0x00000000eff80000)
  to   space 224768K, 0% used [0x00000000f2480000,0x00000000f2480000,0x0000000100000000)
 ParOldGen       total 360960K, used 346730K [0x0000000084800000, 0x000000009a880000, 0x00000000d6d80000)
  object space 360960K, 96% used [0x0000000084800000,0x0000000099a9ab20,0x000000009a880000)
 Metaspace       used 2681K, capacity 4552K, committed 4864K, reserved 1056768K
  class space    used 280K, capacity 388K, committed 512K, reserved 1048576K
}
Event: 31,400 GC heap before
{Heap before GC invocations=13 (full 4):
 PSYoungGen      total 411648K, used 198144K [0x00000000d6d80000, 0x0000000100000000, 0x0000000100000000)
  eden space 213504K, 0% used [0x00000000d6d80000,0x00000000d6d80000,0x00000000e3e00000)
  from space 198144K, 100% used [0x00000000e3e00000,0x00000000eff80000,0x00000000eff80000)
  to   space 224768K, 0% used [0x00000000f2480000,0x00000000f2480000,0x0000000100000000)
 ParOldGen       total 360960K, used 346730K [0x0000000084800000, 0x000000009a880000, 0x00000000d6d80000)
  object space 360960K, 96% used [0x0000000084800000,0x0000000099a9ab20,0x000000009a880000)
 Metaspace       used 2681K, capacity 4552K, committed 4864K, reserved 1056768K
  class space    used 280K, capacity 388K, committed 512K, reserved 1048576K
Event: 66,565 GC heap after
Heap after GC invocations=13 (full 4):
 PSYoungGen      total 411648K, used 183139K [0x00000000d6d80000, 0x0000000100000000, 0x0000000100000000)
  eden space 213504K, 0% used [0x00000000d6d80000,0x00000000d6d80000,0x00000000e3e00000)
  from space 198144K, 92% used [0x00000000e3e00000,0x00000000ef0d8f08,0x00000000eff80000)
  to   space 224768K, 0% used [0x00000000f2480000,0x00000000f2480000,0x0000000100000000)
 ParOldGen       total 627200K, used 360853K [0x0000000084800000, 0x00000000aac80000, 0x00000000d6d80000)
  object space 627200K, 57% used [0x0000000084800000,0x000000009a8655a8,0x00000000aac80000)
 Metaspace       used 2681K, capacity 4552K, committed 4864K, reserved 1056768K
  class space    used 280K, capacity 388K, committed 512K, reserved 1048576K
}
Event: 67,107 GC heap before
{Heap before GC invocations=14 (full 4):
 PSYoungGen      total 411648K, used 396643K [0x00000000d6d80000, 0x0000000100000000, 0x0000000100000000)
  eden space 213504K, 100% used [0x00000000d6d80000,0x00000000e3e00000,0x00000000e3e00000)
  from space 198144K, 92% used [0x00000000e3e00000,0x00000000ef0d8f08,0x00000000eff80000)
  to   space 224768K, 0% used [0x00000000f2480000,0x00000000f2480000,0x0000000100000000)
 ParOldGen       total 627200K, used 360853K [0x0000000084800000, 0x00000000aac80000, 0x00000000d6d80000)
  object space 627200K, 57% used [0x0000000084800000,0x000000009a8655a8,0x00000000aac80000)
 Metaspace       used 2681K, capacity 4552K, committed 4864K, reserved 1056768K
  class space    used 280K, capacity 388K, committed 512K, reserved 1048576K
Event: 103,194 GC heap after
Heap after GC invocations=14 (full 4):
 PSYoungGen      total 449536K, used 224768K [0x00000000d6d80000, 0x0000000100000000, 0x0000000100000000)
  eden space 224768K, 0% used [0x00000000d6d80000,0x00000000d6d80000,0x00000000e4900000)
  from space 224768K, 100% used [0x00000000f2480000,0x0000000100000000,0x0000000100000000)
  to   space 224768K, 0% used [0x00000000e4900000,0x00000000e4900000,0x00000000f2480000)
 ParOldGen       total 627200K, used 533605K [0x0000000084800000, 0x00000000aac80000, 0x00000000d6d80000)
  object space 627200K, 85% used [0x0000000084800000,0x00000000a51195a8,0x00000000aac80000)
 Metaspace       used 2681K, capacity 4552K, committed 4864K, reserved 1056768K
  class space    used 280K, capacity 388K, committed 512K, reserved 1048576K
}
Event: 103,194 GC heap before
{Heap before GC invocations=15 (full 5):
 PSYoungGen      total 449536K, used 224768K [0x00000000d6d80000, 0x0000000100000000, 0x0000000100000000)
  eden space 224768K, 0% used [0x00000000d6d80000,0x00000000d6d80000,0x00000000e4900000)
  from space 224768K, 100% used [0x00000000f2480000,0x0000000100000000,0x0000000100000000)
  to   space 224768K, 0% used [0x00000000e4900000,0x00000000e4900000,0x00000000f2480000)
 ParOldGen       total 627200K, used 533605K [0x0000000084800000, 0x00000000aac80000, 0x00000000d6d80000)
  object space 627200K, 85% used [0x0000000084800000,0x00000000a51195a8,0x00000000aac80000)
 Metaspace       used 2681K, capacity 4552K, committed 4864K, reserved 1056768K
  class space    used 280K, capacity 388K, committed 512K, reserved 1048576K

